Starting server. Initial mode: DEVELOPMENT
Server started at http://localhost:5173
{"method":"GET","url":"/","status":200,"duration":"3183ms","timestamp":"2025-12-17T11:39:59.913Z","ip":"::1"}
{"method":"GET","url":"/src/main.jsx","status":200,"duration":"1ms","timestamp":"2025-12-17T11:39:59.986Z","ip":"::1"}
{"method":"GET","url":"/@vite/client","status":200,"duration":"19ms","timestamp":"2025-12-17T11:39:59.998Z","ip":"::1"}
{"method":"GET","url":"/logos/Icon-01.webp","status":200,"duration":"18ms","timestamp":"2025-12-17T11:40:00.006Z","ip":"::1"}
{"method":"GET","url":"/images/gas-order-hero.webp","status":200,"duration":"25ms","timestamp":"2025-12-17T11:40:00.007Z","ip":"::1"}
{"method":"GET","url":"/@react-refresh","status":200,"duration":"4ms","timestamp":"2025-12-17T11:40:00.068Z","ip":"::1"}
{"method":"GET","url":"/node_modules/vite/dist/client/env.mjs","status":200,"duration":"1ms","timestamp":"2025-12-17T11:40:00.070Z","ip":"::1"}
{"method":"GET","url":"/node_modules/.vite/deps/react_jsx-dev-runtime.js?v=83b6534e","status":200,"duration":"1ms","timestamp":"2025-12-17T11:40:00.081Z","ip":"::1"}
{"method":"GET","url":"/node_modules/.vite/deps/react.js?v=83b6534e","status":200,"duration":"1ms","timestamp":"2025-12-17T11:40:00.083Z","ip":"::1"}
{"method":"GET","url":"/src/components/ErrorBoundary.jsx","status":200,"duration":"1ms","timestamp":"2025-12-17T11:40:00.088Z","ip":"::1"}
{"method":"GET","url":"/node_modules/.vite/deps/react-dom_client.js?v=15e10400","status":200,"duration":"1ms","timestamp":"2025-12-17T11:40:00.090Z","ip":"::1"}
{"method":"GET","url":"/src/App.jsx","status":200,"duration":"1ms","timestamp":"2025-12-17T11:40:00.091Z","ip":"::1"}
{"method":"GET","url":"/src/index.css","status":200,"duration":"1ms","timestamp":"2025-12-17T11:40:00.092Z","ip":"::1"}
{"method":"GET","url":"/node_modules/@fontsource/inter/400.css","status":200,"duration":"1ms","timestamp":"2025-12-17T11:40:00.094Z","ip":"::1"}
{"method":"GET","url":"/node_modules/@fontsource/inter/700.css","status":200,"duration":"1ms","timestamp":"2025-12-17T11:40:00.095Z","ip":"::1"}
{"method":"GET","url":"/images/tank-section-hero.webp","status":200,"duration":"6ms","timestamp":"2025-12-17T11:40:00.254Z","ip":"::1"}
{"method":"GET","url":"/node_modules/.vite/deps/chunk-N6MYFXC3.js?v=067271d6","status":200,"duration":"1ms","timestamp":"2025-12-17T11:40:00.337Z","ip":"::1"}
{"method":"GET","url":"/node_modules/.vite/deps/lucide-react.js?v=2fc910ca","status":200,"duration":"4ms","timestamp":"2025-12-17T11:40:00.348Z","ip":"::1"}
{"method":"GET","url":"/node_modules/.vite/deps/chunk-SB5BK2J2.js?v=067271d6","status":200,"duration":"10ms","timestamp":"2025-12-17T11:40:00.360Z","ip":"::1"}
{"method":"GET","url":"/src/data/seoData.js","status":200,"duration":"3ms","timestamp":"2025-12-17T11:40:00.363Z","ip":"::1"}
{"method":"GET","url":"/src/components/Navigation.jsx","status":200,"duration":"0ms","timestamp":"2025-12-17T11:40:00.364Z","ip":"::1"}
{"method":"GET","url":"/src/components/Hero.jsx","status":200,"duration":"0ms","timestamp":"2025-12-17T11:40:00.365Z","ip":"::1"}
{"method":"GET","url":"/src/components/TrustBar.jsx","status":200,"duration":"1ms","timestamp":"2025-12-17T11:40:00.366Z","ip":"::1"}
{"method":"GET","url":"/src/components/TankSection.jsx","status":200,"duration":"1ms","timestamp":"2025-12-17T11:40:00.368Z","ip":"::1"}
{"method":"GET","url":"/src/components/TankDetail.jsx","status":200,"duration":"1ms","timestamp":"2025-12-17T11:40:00.375Z","ip":"::1"}
{"method":"GET","url":"/src/components/CommercialSection.jsx","status":200,"duration":"1ms","timestamp":"2025-12-17T11:40:00.376Z","ip":"::1"}
{"method":"GET","url":"/src/components/InspectionSection.jsx","status":200,"duration":"1ms","timestamp":"2025-12-17T11:40:00.377Z","ip":"::1"}
{"method":"GET","url":"/src/components/DeliveryMap.jsx","status":200,"duration":"1ms","timestamp":"2025-12-17T11:40:00.379Z","ip":"::1"}
Redirecting: /src/components/FAQ.jsx -> /wissen
{"method":"GET","url":"/src/components/FAQ.jsx","status":301,"duration":"2ms","timestamp":"2025-12-17T11:40:00.381Z","ip":"::1"}
{"method":"GET","url":"/src/components/GasOrderSection.jsx","status":200,"duration":"1ms","timestamp":"2025-12-17T11:40:00.386Z","ip":"::1"}
{"method":"GET","url":"/src/components/EnergyCalculator.jsx","status":200,"duration":"1ms","timestamp":"2025-12-17T11:40:00.388Z","ip":"::1"}
{"method":"GET","url":"/src/components/KnowledgeCenter.jsx","status":200,"duration":"1ms","timestamp":"2025-12-17T11:40:00.389Z","ip":"::1"}
{"method":"GET","url":"/src/components/AboutPage.jsx","status":200,"duration":"0ms","timestamp":"2025-12-17T11:40:00.389Z","ip":"::1"}
{"method":"GET","url":"/src/components/ContactSection.jsx","status":200,"duration":"0ms","timestamp":"2025-12-17T11:40:00.390Z","ip":"::1"}
{"method":"GET","url":"/src/components/WizardModal.jsx","status":200,"duration":"2ms","timestamp":"2025-12-17T11:40:00.395Z","ip":"::1"}
{"method":"GET","url":"/src/components/Footer.jsx","status":200,"duration":"0ms","timestamp":"2025-12-17T11:40:00.396Z","ip":"::1"}
{"method":"GET","url":"/src/components/CookieBanner.jsx","status":200,"duration":"0ms","timestamp":"2025-12-17T11:40:00.399Z","ip":"::1"}
{"method":"GET","url":"/src/components/SimpleModal.jsx","status":200,"duration":"0ms","timestamp":"2025-12-17T11:40:00.400Z","ip":"::1"}
{"method":"GET","url":"/src/components/ScrollToTop.jsx","status":200,"duration":"1ms","timestamp":"2025-12-17T11:40:00.401Z","ip":"::1"}
{"method":"GET","url":"/src/components/NotFound.jsx","status":200,"duration":"0ms","timestamp":"2025-12-17T11:40:00.401Z","ip":"::1"}
{"method":"GET","url":"/src/components/StickyCTA.jsx","status":200,"duration":"0ms","timestamp":"2025-12-17T11:40:00.406Z","ip":"::1"}
{"method":"GET","url":"/src/components/AccessibilityWidget.jsx","status":200,"duration":"1ms","timestamp":"2025-12-17T11:40:00.408Z","ip":"::1"}
{"method":"GET","url":"/src/components/AccessibilityPage.jsx","status":200,"duration":"1ms","timestamp":"2025-12-17T11:40:00.409Z","ip":"::1"}
{"method":"GET","url":"/src/components/Legal.jsx","status":200,"duration":"1ms","timestamp":"2025-12-17T11:40:00.410Z","ip":"::1"}
{"method":"GET","url":"/src/utils/clientRedirect.js","status":200,"duration":"1ms","timestamp":"2025-12-17T11:40:00.411Z","ip":"::1"}
{"method":"GET","url":"/node_modules/.vite/deps/framer-motion.js?v=8120b147","status":200,"duration":"2ms","timestamp":"2025-12-17T11:40:00.447Z","ip":"::1"}
{"method":"GET","url":"/src/components/TopBar.jsx","status":200,"duration":"1ms","timestamp":"2025-12-17T11:40:00.448Z","ip":"::1"}
{"method":"GET","url":"/src/data/tanks.js","status":200,"duration":"4ms","timestamp":"2025-12-17T11:40:00.452Z","ip":"::1"}
{"method":"GET","url":"/src/components/TankCard.jsx","status":200,"duration":"0ms","timestamp":"2025-12-17T11:40:00.453Z","ip":"::1"}
{"method":"GET","url":"/src/components/ui/Skeleton.jsx","status":200,"duration":"1ms","timestamp":"2025-12-17T11:40:00.454Z","ip":"::1"}
{"method":"GET","url":"/src/data/content.jsx","status":200,"duration":"2ms","timestamp":"2025-12-17T11:40:00.456Z","ip":"::1"}
{"method":"GET","url":"/src/components/AboutTimeline.jsx","status":200,"duration":"0ms","timestamp":"2025-12-17T11:40:00.457Z","ip":"::1"}
{"method":"GET","url":"/src/utils/validation.js","status":200,"duration":"0ms","timestamp":"2025-12-17T11:40:00.458Z","ip":"::1"}
{"method":"GET","url":"/src/components/ui/ModernInput.jsx","status":200,"duration":"0ms","timestamp":"2025-12-17T11:40:00.459Z","ip":"::1"}
{"method":"GET","url":"/src/components/RentVsBuyGraphic.jsx","status":200,"duration":"1ms","timestamp":"2025-12-17T11:40:00.460Z","ip":"::1"}
{"method":"GET","url":"/src/components/TeamSection.jsx","status":200,"duration":"0ms","timestamp":"2025-12-17T11:40:00.460Z","ip":"::1"}
{"method":"GET","url":"/src/components/ui/SelectionCard.jsx","status":200,"duration":"0ms","timestamp":"2025-12-17T11:40:00.466Z","ip":"::1"}
{"method":"GET","url":"/kontakt","status":200,"duration":"16ms","timestamp":"2025-12-17T11:40:02.275Z","ip":"::1"}
{"method":"GET","url":"/@vite/client","status":304,"duration":"0ms","timestamp":"2025-12-17T11:40:02.283Z","ip":"::1"}
{"method":"GET","url":"/logos/Icon-01.webp","status":304,"duration":"0ms","timestamp":"2025-12-17T11:40:02.284Z","ip":"::1"}
{"method":"GET","url":"/src/main.jsx","status":304,"duration":"0ms","timestamp":"2025-12-17T11:40:02.285Z","ip":"::1"}
{"method":"GET","url":"/@react-refresh","status":304,"duration":"0ms","timestamp":"2025-12-17T11:40:02.291Z","ip":"::1"}
{"method":"GET","url":"/node_modules/vite/dist/client/env.mjs","status":304,"duration":"0ms","timestamp":"2025-12-17T11:40:02.294Z","ip":"::1"}
{"method":"GET","url":"/src/App.jsx","status":304,"duration":"1ms","timestamp":"2025-12-17T11:40:02.295Z","ip":"::1"}
{"method":"GET","url":"/src/index.css","status":304,"duration":"1ms","timestamp":"2025-12-17T11:40:02.296Z","ip":"::1"}
{"method":"GET","url":"/node_modules/@fontsource/inter/400.css","status":304,"duration":"1ms","timestamp":"2025-12-17T11:40:02.297Z","ip":"::1"}
{"method":"GET","url":"/node_modules/@fontsource/inter/700.css","status":304,"duration":"0ms","timestamp":"2025-12-17T11:40:02.299Z","ip":"::1"}
{"method":"GET","url":"/src/components/ErrorBoundary.jsx","status":304,"duration":"0ms","timestamp":"2025-12-17T11:40:02.300Z","ip":"::1"}
{"method":"GET","url":"/src/data/seoData.js","status":304,"duration":"1ms","timestamp":"2025-12-17T11:40:02.315Z","ip":"::1"}
{"method":"GET","url":"/src/components/Navigation.jsx","status":304,"duration":"0ms","timestamp":"2025-12-17T11:40:02.320Z","ip":"::1"}
{"method":"GET","url":"/src/components/Hero.jsx","status":304,"duration":"0ms","timestamp":"2025-12-17T11:40:02.322Z","ip":"::1"}
{"method":"GET","url":"/src/components/TrustBar.jsx","status":304,"duration":"0ms","timestamp":"2025-12-17T11:40:02.324Z","ip":"::1"}
{"method":"GET","url":"/src/components/TankSection.jsx","status":304,"duration":"0ms","timestamp":"2025-12-17T11:40:02.325Z","ip":"::1"}
{"method":"GET","url":"/src/components/InspectionSection.jsx","status":304,"duration":"1ms","timestamp":"2025-12-17T11:40:02.326Z","ip":"::1"}
{"method":"GET","url":"/src/components/DeliveryMap.jsx","status":304,"duration":"0ms","timestamp":"2025-12-17T11:40:02.327Z","ip":"::1"}
{"method":"GET","url":"/src/components/TankDetail.jsx","status":304,"duration":"1ms","timestamp":"2025-12-17T11:40:02.328Z","ip":"::1"}
{"method":"GET","url":"/src/components/CommercialSection.jsx","status":304,"duration":"0ms","timestamp":"2025-12-17T11:40:02.328Z","ip":"::1"}
{"method":"GET","url":"/src/components/EnergyCalculator.jsx","status":304,"duration":"1ms","timestamp":"2025-12-17T11:40:02.330Z","ip":"::1"}
{"method":"GET","url":"/src/components/ContactSection.jsx","status":304,"duration":"1ms","timestamp":"2025-12-17T11:40:02.332Z","ip":"::1"}
{"method":"GET","url":"/src/components/GasOrderSection.jsx","status":304,"duration":"0ms","timestamp":"2025-12-17T11:40:02.332Z","ip":"::1"}
{"method":"GET","url":"/src/components/WizardModal.jsx","status":304,"duration":"0ms","timestamp":"2025-12-17T11:40:02.333Z","ip":"::1"}
{"method":"GET","url":"/src/components/KnowledgeCenter.jsx","status":304,"duration":"0ms","timestamp":"2025-12-17T11:40:02.334Z","ip":"::1"}
{"method":"GET","url":"/src/components/AboutPage.jsx","status":304,"duration":"0ms","timestamp":"2025-12-17T11:40:02.335Z","ip":"::1"}
{"method":"GET","url":"/src/components/Footer.jsx","status":304,"duration":"0ms","timestamp":"2025-12-17T11:40:02.335Z","ip":"::1"}
{"method":"GET","url":"/src/components/CookieBanner.jsx","status":304,"duration":"1ms","timestamp":"2025-12-17T11:40:02.344Z","ip":"::1"}
{"method":"GET","url":"/src/components/SimpleModal.jsx","status":304,"duration":"0ms","timestamp":"2025-12-17T11:40:02.344Z","ip":"::1"}
{"method":"GET","url":"/src/components/ScrollToTop.jsx","status":304,"duration":"0ms","timestamp":"2025-12-17T11:40:02.345Z","ip":"::1"}
{"method":"GET","url":"/src/components/NotFound.jsx","status":304,"duration":"0ms","timestamp":"2025-12-17T11:40:02.345Z","ip":"::1"}
{"method":"GET","url":"/src/components/AccessibilityPage.jsx","status":304,"duration":"0ms","timestamp":"2025-12-17T11:40:02.346Z","ip":"::1"}
{"method":"GET","url":"/src/components/StickyCTA.jsx","status":304,"duration":"1ms","timestamp":"2025-12-17T11:40:02.347Z","ip":"::1"}
{"method":"GET","url":"/src/components/AccessibilityWidget.jsx","status":304,"duration":"1ms","timestamp":"2025-12-17T11:40:02.348Z","ip":"::1"}
{"method":"GET","url":"/src/components/Legal.jsx","status":304,"duration":"0ms","timestamp":"2025-12-17T11:40:02.348Z","ip":"::1"}
{"method":"GET","url":"/src/utils/clientRedirect.js","status":304,"duration":"0ms","timestamp":"2025-12-17T11:40:02.351Z","ip":"::1"}
{"method":"GET","url":"/src/data/tanks.js","status":304,"duration":"0ms","timestamp":"2025-12-17T11:40:02.351Z","ip":"::1"}
{"method":"GET","url":"/src/components/TopBar.jsx","status":304,"duration":"0ms","timestamp":"2025-12-17T11:40:02.352Z","ip":"::1"}
{"method":"GET","url":"/src/components/TankCard.jsx","status":304,"duration":"0ms","timestamp":"2025-12-17T11:40:02.354Z","ip":"::1"}
{"method":"GET","url":"/src/components/ui/Skeleton.jsx","status":304,"duration":"1ms","timestamp":"2025-12-17T11:40:02.355Z","ip":"::1"}
{"method":"GET","url":"/src/utils/validation.js","status":304,"duration":"0ms","timestamp":"2025-12-17T11:40:02.355Z","ip":"::1"}
{"method":"GET","url":"/src/components/ui/ModernInput.jsx","status":304,"duration":"1ms","timestamp":"2025-12-17T11:40:02.357Z","ip":"::1"}
{"method":"GET","url":"/src/components/ui/SelectionCard.jsx","status":304,"duration":"0ms","timestamp":"2025-12-17T11:40:02.357Z","ip":"::1"}
{"method":"GET","url":"/src/data/content.jsx","status":304,"duration":"1ms","timestamp":"2025-12-17T11:40:02.358Z","ip":"::1"}
{"method":"GET","url":"/src/components/RentVsBuyGraphic.jsx","status":304,"duration":"1ms","timestamp":"2025-12-17T11:40:02.361Z","ip":"::1"}
{"method":"GET","url":"/src/components/TeamSection.jsx","status":304,"duration":"0ms","timestamp":"2025-12-17T11:40:02.361Z","ip":"::1"}
{"method":"GET","url":"/src/components/AboutTimeline.jsx","status":304,"duration":"1ms","timestamp":"2025-12-17T11:40:02.362Z","ip":"::1"}
{"method":"GET","url":"/","status":200,"duration":"21ms","timestamp":"2025-12-17T11:40:03.695Z","ip":"::1"}
{"method":"GET","url":"/@vite/client","status":200,"duration":"4ms","timestamp":"2025-12-17T11:40:03.711Z","ip":"::1"}
{"method":"GET","url":"/src/main.jsx","status":200,"duration":"1ms","timestamp":"2025-12-17T11:40:03.713Z","ip":"::1"}
{"method":"GET","url":"/@react-refresh","status":200,"duration":"3ms","timestamp":"2025-12-17T11:40:03.720Z","ip":"::1"}
{"method":"GET","url":"/logos/Icon-01.webp","status":200,"duration":"13ms","timestamp":"2025-12-17T11:40:03.726Z","ip":"::1"}
{"method":"GET","url":"/images/gas-order-hero.webp","status":200,"duration":"20ms","timestamp":"2025-12-17T11:40:03.732Z","ip":"::1"}
{"method":"GET","url":"/images/tank-section-hero.webp","status":200,"duration":"9ms","timestamp":"2025-12-17T11:40:03.765Z","ip":"::1"}
{"method":"GET","url":"/node_modules/.vite/deps/react_jsx-dev-runtime.js?v=83b6534e","status":200,"duration":"1ms","timestamp":"2025-12-17T11:40:03.769Z","ip":"::1"}
{"method":"GET","url":"/node_modules/.vite/deps/react.js?v=83b6534e","status":200,"duration":"1ms","timestamp":"2025-12-17T11:40:03.771Z","ip":"::1"}
{"method":"GET","url":"/node_modules/.vite/deps/react-dom_client.js?v=15e10400","status":200,"duration":"0ms","timestamp":"2025-12-17T11:40:03.771Z","ip":"::1"}
{"method":"GET","url":"/src/App.jsx","status":200,"duration":"1ms","timestamp":"2025-12-17T11:40:03.779Z","ip":"::1"}
{"method":"GET","url":"/src/index.css","status":200,"duration":"1ms","timestamp":"2025-12-17T11:40:03.788Z","ip":"::1"}
{"method":"GET","url":"/node_modules/@fontsource/inter/400.css","status":200,"duration":"1ms","timestamp":"2025-12-17T11:40:03.792Z","ip":"::1"}
{"method":"GET","url":"/node_modules/@fontsource/inter/700.css","status":200,"duration":"1ms","timestamp":"2025-12-17T11:40:03.793Z","ip":"::1"}
{"method":"GET","url":"/src/components/ErrorBoundary.jsx","status":200,"duration":"0ms","timestamp":"2025-12-17T11:40:03.793Z","ip":"::1"}
{"method":"GET","url":"/node_modules/vite/dist/client/env.mjs","status":200,"duration":"1ms","timestamp":"2025-12-17T11:40:03.795Z","ip":"::1"}
{"method":"GET","url":"/node_modules/.vite/deps/chunk-N6MYFXC3.js?v=067271d6","status":200,"duration":"1ms","timestamp":"2025-12-17T11:40:03.796Z","ip":"::1"}
{"method":"GET","url":"/node_modules/.vite/deps/chunk-SB5BK2J2.js?v=067271d6","status":200,"duration":"23ms","timestamp":"2025-12-17T11:40:03.833Z","ip":"::1"}
{"method":"GET","url":"/node_modules/.vite/deps/lucide-react.js?v=2fc910ca","status":200,"duration":"11ms","timestamp":"2025-12-17T11:40:03.845Z","ip":"::1"}
{"method":"GET","url":"/src/data/seoData.js","status":200,"duration":"3ms","timestamp":"2025-12-17T11:40:03.848Z","ip":"::1"}
{"method":"GET","url":"/src/components/Navigation.jsx","status":200,"duration":"1ms","timestamp":"2025-12-17T11:40:03.850Z","ip":"::1"}
{"method":"GET","url":"/src/components/Hero.jsx","status":200,"duration":"1ms","timestamp":"2025-12-17T11:40:03.851Z","ip":"::1"}
{"method":"GET","url":"/src/components/TrustBar.jsx","status":200,"duration":"0ms","timestamp":"2025-12-17T11:40:03.851Z","ip":"::1"}
{"method":"GET","url":"/src/components/TankSection.jsx","status":200,"duration":"1ms","timestamp":"2025-12-17T11:40:03.861Z","ip":"::1"}
{"method":"GET","url":"/src/components/TankDetail.jsx","status":200,"duration":"1ms","timestamp":"2025-12-17T11:40:03.863Z","ip":"::1"}
{"method":"GET","url":"/src/components/CommercialSection.jsx","status":200,"duration":"0ms","timestamp":"2025-12-17T11:40:03.863Z","ip":"::1"}
{"method":"GET","url":"/src/components/InspectionSection.jsx","status":200,"duration":"0ms","timestamp":"2025-12-17T11:40:03.864Z","ip":"::1"}
{"method":"GET","url":"/src/components/DeliveryMap.jsx","status":200,"duration":"2ms","timestamp":"2025-12-17T11:40:03.883Z","ip":"::1"}
Redirecting: /src/components/FAQ.jsx -> /wissen
{"method":"GET","url":"/src/components/FAQ.jsx","status":301,"duration":"1ms","timestamp":"2025-12-17T11:40:03.893Z","ip":"::1"}
{"method":"GET","url":"/src/components/ContactSection.jsx","status":200,"duration":"1ms","timestamp":"2025-12-17T11:40:03.895Z","ip":"::1"}
{"method":"GET","url":"/src/components/GasOrderSection.jsx","status":200,"duration":"1ms","timestamp":"2025-12-17T11:40:03.896Z","ip":"::1"}
{"method":"GET","url":"/src/components/EnergyCalculator.jsx","status":200,"duration":"0ms","timestamp":"2025-12-17T11:40:03.897Z","ip":"::1"}
{"method":"GET","url":"/src/components/KnowledgeCenter.jsx","status":200,"duration":"1ms","timestamp":"2025-12-17T11:40:03.912Z","ip":"::1"}
{"method":"GET","url":"/src/components/AboutPage.jsx","status":200,"duration":"1ms","timestamp":"2025-12-17T11:40:03.913Z","ip":"::1"}
{"method":"GET","url":"/src/components/Footer.jsx","status":200,"duration":"4ms","timestamp":"2025-12-17T11:40:03.917Z","ip":"::1"}
{"method":"GET","url":"/src/components/WizardModal.jsx","status":200,"duration":"2ms","timestamp":"2025-12-17T11:40:03.919Z","ip":"::1"}
{"method":"GET","url":"/src/components/CookieBanner.jsx","status":200,"duration":"1ms","timestamp":"2025-12-17T11:40:03.920Z","ip":"::1"}
{"method":"GET","url":"/src/components/SimpleModal.jsx","status":200,"duration":"0ms","timestamp":"2025-12-17T11:40:03.920Z","ip":"::1"}
{"method":"GET","url":"/src/components/ScrollToTop.jsx","status":200,"duration":"1ms","timestamp":"2025-12-17T11:40:03.922Z","ip":"::1"}
{"method":"GET","url":"/src/components/NotFound.jsx","status":200,"duration":"1ms","timestamp":"2025-12-17T11:40:03.923Z","ip":"::1"}
{"method":"GET","url":"/src/components/StickyCTA.jsx","status":200,"duration":"0ms","timestamp":"2025-12-17T11:40:03.937Z","ip":"::1"}
{"method":"GET","url":"/src/components/AccessibilityWidget.jsx","status":200,"duration":"0ms","timestamp":"2025-12-17T11:40:03.942Z","ip":"::1"}
{"method":"GET","url":"/src/components/AccessibilityPage.jsx","status":200,"duration":"0ms","timestamp":"2025-12-17T11:40:03.943Z","ip":"::1"}
{"method":"GET","url":"/src/components/Legal.jsx","status":200,"duration":"1ms","timestamp":"2025-12-17T11:40:03.944Z","ip":"::1"}
{"method":"GET","url":"/src/utils/clientRedirect.js","status":200,"duration":"1ms","timestamp":"2025-12-17T11:40:03.945Z","ip":"::1"}
{"method":"GET","url":"/src/data/tanks.js","status":200,"duration":"2ms","timestamp":"2025-12-17T11:40:03.953Z","ip":"::1"}
{"method":"GET","url":"/node_modules/.vite/deps/framer-motion.js?v=8120b147","status":200,"duration":"3ms","timestamp":"2025-12-17T11:40:03.956Z","ip":"::1"}
{"method":"GET","url":"/src/components/ui/ModernInput.jsx","status":200,"duration":"0ms","timestamp":"2025-12-17T11:40:03.957Z","ip":"::1"}
{"method":"GET","url":"/src/components/TopBar.jsx","status":200,"duration":"0ms","timestamp":"2025-12-17T11:40:03.958Z","ip":"::1"}
{"method":"GET","url":"/src/components/TankCard.jsx","status":200,"duration":"2ms","timestamp":"2025-12-17T11:40:03.960Z","ip":"::1"}
{"method":"GET","url":"/src/components/ui/Skeleton.jsx","status":200,"duration":"1ms","timestamp":"2025-12-17T11:40:03.964Z","ip":"::1"}
{"method":"GET","url":"/src/utils/validation.js","status":200,"duration":"1ms","timestamp":"2025-12-17T11:40:03.965Z","ip":"::1"}
{"method":"GET","url":"/src/data/content.jsx","status":200,"duration":"2ms","timestamp":"2025-12-17T11:40:03.973Z","ip":"::1"}
{"method":"GET","url":"/src/components/RentVsBuyGraphic.jsx","status":200,"duration":"1ms","timestamp":"2025-12-17T11:40:03.974Z","ip":"::1"}
{"method":"GET","url":"/src/components/TeamSection.jsx","status":200,"duration":"1ms","timestamp":"2025-12-17T11:40:03.975Z","ip":"::1"}
{"method":"GET","url":"/src/components/AboutTimeline.jsx","status":200,"duration":"1ms","timestamp":"2025-12-17T11:40:03.976Z","ip":"::1"}
